0 info it worked if it ends with ok
1 verbose cli [ '/usr/bin/nodejs', '/usr/bin/npm', 'run', 'api' ]
2 info using npm@3.3.12
3 info using node@v5.3.0
4 verbose run-script [ 'preapi', 'api', 'postapi' ]
5 info lifecycle webmail@1.0.0~preapi: webmail@1.0.0
6 silly lifecycle webmail@1.0.0~preapi: no script for preapi, continuing
7 info lifecycle webmail@1.0.0~api: webmail@1.0.0
8 verbose lifecycle webmail@1.0.0~api: unsafe-perm in lifecycle true
9 verbose lifecycle webmail@1.0.0~api: PATH: /usr/lib/node_modules/npm/bin/node-gyp-bin:/home/novica/workspace/ideaProjects/webMail/node_modules/.bin:/home/novica/.rbenv/plugins/ruby-build/bin:/home/novica/.rbenv/shims:/home/novica/.rbenv/bin:/opt/idea/bin:/usr/local/sbin:/usr/local/bin:/usr/sbin:/usr/bin:/sbin:/bin:/usr/games:/usr/local/games
10 verbose lifecycle webmail@1.0.0~api: CWD: /home/novica/workspace/ideaProjects/webMail
11 silly lifecycle webmail@1.0.0~api: Args: [ '-c', 'cd middleware && npm install && node server.js' ]
12 silly lifecycle webmail@1.0.0~api: Returned: code: 1  signal: null
13 info lifecycle webmail@1.0.0~api: Failed to exec api script
14 verbose stack Error: webmail@1.0.0 api: `cd middleware && npm install && node server.js`
14 verbose stack Exit status 1
14 verbose stack     at EventEmitter.<anonymous> (/usr/lib/node_modules/npm/lib/utils/lifecycle.js:232:16)
14 verbose stack     at emitTwo (events.js:87:13)
14 verbose stack     at EventEmitter.emit (events.js:172:7)
14 verbose stack     at ChildProcess.<anonymous> (/usr/lib/node_modules/npm/lib/utils/spawn.js:24:14)
14 verbose stack     at emitTwo (events.js:87:13)
14 verbose stack     at ChildProcess.emit (events.js:172:7)
14 verbose stack     at maybeClose (internal/child_process.js:818:16)
14 verbose stack     at Process.ChildProcess._handle.onexit (internal/child_process.js:211:5)
15 verbose pkgid webmail@1.0.0
16 verbose cwd /home/novica/workspace/ideaProjects/webMail
17 error Linux 3.16.0-55-generic
18 error argv "/usr/bin/nodejs" "/usr/bin/npm" "run" "api"
19 error node v5.3.0
20 error npm  v3.3.12
21 error code ELIFECYCLE
22 error webmail@1.0.0 api: `cd middleware && npm install && node server.js`
22 error Exit status 1
23 error Failed at the webmail@1.0.0 api script 'cd middleware && npm install && node server.js'.
23 error Make sure you have the latest version of node.js and npm installed.
23 error If you do, this is most likely a problem with the webmail package,
23 error not with npm itself.
23 error Tell the author that this fails on your system:
23 error     cd middleware && npm install && node server.js
23 error You can get their info via:
23 error     npm owner ls webmail
23 error There is likely additional logging output above.
24 verbose exit [ 1, true ]
